# JRE version: Java(TM) SE Runtime Environment (8.0_111-b14) (build 1.8.0_111-b14)
# Java VM: Java HotSpot(TM) 64-Bit Server VM (25.111-b14 mixed mode windows-amd64 compressed oops)
Heap:
 PSYoungGen      total 3584K, used 1197K [0x00000000f5d00000, 0x00000000f6400000, 0x0000000100000000)
  eden space 3072K, 22% used [0x00000000f5d00000,0x00000000f5dabb90,0x00000000f6000000)
  from space 512K, 99% used [0x00000000f6000000,0x00000000f607fc40,0x00000000f6080000)
  to   space 512K, 0% used [0x00000000f6380000,0x00000000f6380000,0x00000000f6400000)
 ParOldGen       total 5632K, used 572K [0x00000000e1600000, 0x00000000e1b80000, 0x00000000f5d00000)
  object space 5632K, 10% used [0x00000000e1600000,0x00000000e168f050,0x00000000e1b80000)
 Metaspace       used 5395K, capacity 6548K, committed 6656K, reserved 1056768K
  class space    used 683K, capacity 720K, committed 768K, reserved 1048576K
GC Heap History (6 events):
Event: 0.289 GC heap before
{Heap before GC invocations=1 (full 0):
 PSYoungGen      total 2048K, used 1536K [0x00000000f5d00000, 0x00000000f5f80000, 0x0000000100000000)
  eden space 1536K, 100% used [0x00000000f5d00000,0x00000000f5e80000,0x00000000f5e80000)
  from space 512K, 0% used [0x00000000f5f00000,0x00000000f5f00000,0x00000000f5f80000)
  to   space 512K, 0% used [0x00000000f5e80000,0x00000000f5e80000,0x00000000f5f00000)
 ParOldGen       total 5632K, used 0K [0x00000000e1600000, 0x00000000e1b80000, 0x00000000f5d00000)
  object space 5632K, 0% used [0x00000000e1600000,0x00000000e1600000,0x00000000e1b80000)
 Metaspace       used 3521K, capacity 4812K, committed 5120K, reserved 1056768K
  class space    used 412K, capacity 456K, committed 512K, reserved 1048576K
Event: 0.294 GC heap after
Heap after GC invocations=1 (full 0):
 PSYoungGen      total 2048K, used 480K [0x00000000f5d00000, 0x00000000f6100000, 0x0000000100000000)
  eden space 1536K, 0% used [0x00000000f5d00000,0x00000000f5d00000,0x00000000f5e80000)
  from space 512K, 93% used [0x00000000f5e80000,0x00000000f5ef8020,0x00000000f5f00000)
  to   space 512K, 0% used [0x00000000f6080000,0x00000000f6080000,0x00000000f6100000)
 ParOldGen       total 5632K, used 8K [0x00000000e1600000, 0x00000000e1b80000, 0x00000000f5d00000)
  object space 5632K, 0% used [0x00000000e1600000,0x00000000e1602000,0x00000000e1b80000)
 Metaspace       used 3521K, capacity 4812K, committed 5120K, reserved 1056768K
  class space    used 412K, capacity 456K, committed 512K, reserved 1048576K
}
Event: 0.335 GC heap before
{Heap before GC invocations=2 (full 0):
 PSYoungGen      total 2048K, used 1998K [0x00000000f5d00000, 0x00000000f6100000, 0x0000000100000000)
  eden space 1536K, 98% used [0x00000000f5d00000,0x00000000f5e7bbc0,0x00000000f5e80000)
  from space 512K, 93% used [0x00000000f5e80000,0x00000000f5ef8020,0x00000000f5f00000)
  to   space 512K, 0% used [0x00000000f6080000,0x00000000f6080000,0x00000000f6100000)
 ParOldGen       total 5632K, used 8K [0x00000000e1600000, 0x00000000e1b80000, 0x00000000f5d00000)
  object space 5632K, 0% used [0x00000000e1600000,0x00000000e1602000,0x00000000e1b80000)
 Metaspace       used 4195K, capacity 5392K, committed 5760K, reserved 1056768K
  class space    used 507K, capacity 524K, committed 640K, reserved 1048576K
Event: 0.337 GC heap after
Heap after GC invocations=2 (full 0):
 PSYoungGen      total 3584K, used 480K [0x00000000f5d00000, 0x00000000f6100000, 0x0000000100000000)
  eden space 3072K, 0% used [0x00000000f5d00000,0x00000000f5d00000,0x00000000f6000000)
  from space 512K, 93% used [0x00000000f6080000,0x00000000f60f8020,0x00000000f6100000)
  to   space 512K, 0% used [0x00000000f6000000,0x00000000f6000000,0x00000000f6080000)
 ParOldGen       total 5632K, used 64K [0x00000000e1600000, 0x00000000e1b80000, 0x00000000f5d00000)
  object space 5632K, 1% used [0x00000000e1600000,0x00000000e1610010,0x00000000e1b80000)
 Metaspace       used 4195K, capacity 5392K, committed 5760K, reserved 1056768K
  class space    used 507K, capacity 524K, committed 640K, reserved 1048576K
}
Event: 0.413 GC heap before
{Heap before GC invocations=3 (full 0):
 PSYoungGen      total 3584K, used 3455K [0x00000000f5d00000, 0x00000000f6100000, 0x0000000100000000)
  eden space 3072K, 96% used [0x00000000f5d00000,0x00000000f5fe7ee8,0x00000000f6000000)
  from space 512K, 93% used [0x00000000f6080000,0x00000000f60f8020,0x00000000f6100000)
  to   space 512K, 0% used [0x00000000f6000000,0x00000000f6000000,0x00000000f6080000)
 ParOldGen       total 5632K, used 64K [0x00000000e1600000, 0x00000000e1b80000, 0x00000000f5d00000)
  object space 5632K, 1% used [0x00000000e1600000,0x00000000e1610010,0x00000000e1b80000)
 Metaspace       used 5132K, capacity 6324K, committed 6656K, reserved 1056768K
  class space    used 639K, capacity 688K, committed 768K, reserved 1048576K
Event: 0.415 GC heap after
Heap after GC invocations=3 (full 0):
 PSYoungGen      total 3584K, used 511K [0x00000000f5d00000, 0x00000000f6400000, 0x0000000100000000)
  eden space 3072K, 0% used [0x00000000f5d00000,0x00000000f5d00000,0x00000000f6000000)
  from space 512K, 99% used [0x00000000f6000000,0x00000000f607fc40,0x00000000f6080000)
  to   space 512K, 0% used [0x00000000f6380000,0x00000000f6380000,0x00000000f6400000)
 ParOldGen       total 5632K, used 572K [0x00000000e1600000, 0x00000000e1b80000, 0x00000000f5d00000)
  object space 5632K, 10% used [0x00000000e1600000,0x00000000e168f050,0x00000000e1b80000)
 Metaspace       used 5132K, capacity 6324K, committed 6656K, reserved 1056768K
  class space    used 639K, capacity 688K, committed 768K, reserved 1048576K
}

